

============================== 2022-02-27 19:08:36.181727 | 0312cd47-fbf1-4f99-acf1-d97c2e73a868 ==============================
19:08:36.181727 [info ] [MainThread]: Running with dbt=1.0.3
19:08:36.181727 [debug] [MainThread]: running dbt with arguments Namespace(record_timing_info=None, debug=None, log_format=None, write_json=None, use_colors=None, printer_width=None, warn_error=None, version_check=None, partial_parse=None, single_threaded=False, use_experimental_parser=None, static_parser=None, profiles_dir='C:\\Users\\Matthew\\.dbt', send_anonymous_usage_stats=None, fail_fast=None, event_buffer_size=None, project_dir=None, profile=None, target=None, vars='{}', log_cache_events=False, project_name=None, skip_profile_setup=False, defer=None, state=None, cls=<class 'dbt.task.init.InitTask'>, which='init', rpc_method=None)
19:08:36.182731 [debug] [MainThread]: Tracking: tracking
19:08:36.194524 [debug] [MainThread]: Sending event: {'category': 'dbt', 'action': 'invocation', 'label': 'start', 'context': [<snowplow_tracker.self_describing_json.SelfDescribingJson object at 0x0000022642582550>, <snowplow_tracker.self_describing_json.SelfDescribingJson object at 0x0000022642582790>, <snowplow_tracker.self_describing_json.SelfDescribingJson object at 0x00000226425825E0>]}
19:08:36.195532 [info ] [MainThread]: Creating dbt configuration folder at C:\Users\Matthew\.dbt
19:09:14.465312 [debug] [MainThread]: Starter project path: C:\Users\Matthew\Documents\dbt_intro\dbt_local_install\dbt-env\lib\site-packages\dbt\include\starter_project
19:14:32.794961 [info ] [MainThread]: Profile BigQuery_Project written to C:\Users\Matthew\.dbt\profiles.yml using target's profile_template.yml and your supplied values. Run 'dbt debug' to validate the connection.
19:14:32.795923 [info ] [MainThread]: 
Your new dbt project "BigQuery_Project" was created!

For more information on how to configure the profiles.yml file,
please consult the dbt documentation here:

  https://docs.getdbt.com/docs/configure-your-profile

One more thing:

Need help? Don't hesitate to reach out to us via GitHub issues or on Slack:

  https://community.getdbt.com/

Happy modeling!

19:14:32.797870 [debug] [MainThread]: Sending event: {'category': 'dbt', 'action': 'invocation', 'label': 'end', 'context': [<snowplow_tracker.self_describing_json.SelfDescribingJson object at 0x00000226421E9100>, <snowplow_tracker.self_describing_json.SelfDescribingJson object at 0x00000226421E9880>, <snowplow_tracker.self_describing_json.SelfDescribingJson object at 0x00000226421E98B0>]}


============================== 2022-02-27 19:19:33.436542 | d7bd4e0c-9d6b-41cc-af09-c664ae6bc52c ==============================
19:19:33.436542 [info ] [MainThread]: Running with dbt=1.0.3
19:19:33.436542 [debug] [MainThread]: running dbt with arguments Namespace(record_timing_info=None, debug=None, log_format=None, write_json=None, use_colors=None, printer_width=None, warn_error=None, version_check=None, partial_parse=None, single_threaded=False, use_experimental_parser=None, static_parser=None, profiles_dir='C:\\Users\\Matthew\\.dbt', send_anonymous_usage_stats=None, fail_fast=None, event_buffer_size=None, project_dir=None, profile=None, target=None, vars='{}', log_cache_events=False, config_dir=False, defer=None, state=None, cls=<class 'dbt.task.debug.DebugTask'>, which='debug', rpc_method=None)
19:19:33.436542 [debug] [MainThread]: Tracking: tracking
19:19:33.451551 [debug] [MainThread]: Sending event: {'category': 'dbt', 'action': 'invocation', 'label': 'start', 'context': [<snowplow_tracker.self_describing_json.SelfDescribingJson object at 0x0000017F6F27C910>, <snowplow_tracker.self_describing_json.SelfDescribingJson object at 0x0000017F6F27CF40>, <snowplow_tracker.self_describing_json.SelfDescribingJson object at 0x0000017F6F27CFD0>]}
19:19:33.719659 [debug] [MainThread]: Executing "git --help"
19:19:33.747369 [debug] [MainThread]: STDOUT: "b"usage: git [--version] [--help] [-C <path>] [-c <name>=<value>]\n           [--exec-path[=<path>]] [--html-path] [--man-path] [--info-path]\n           [-p | --paginate | -P | --no-pager] [--no-replace-objects] [--bare]\n           [--git-dir=<path>] [--work-tree=<path>] [--namespace=<name>]\n           [--super-prefix=<path>] [--config-env=<name>=<envvar>]\n           <command> [<args>]\n\nThese are common Git commands used in various situations:\n\nstart a working area (see also: git help tutorial)\n   clone     Clone a repository into a new directory\n   init      Create an empty Git repository or reinitialize an existing one\n\nwork on the current change (see also: git help everyday)\n   add       Add file contents to the index\n   mv        Move or rename a file, a directory, or a symlink\n   restore   Restore working tree files\n   rm        Remove files from the working tree and from the index\n\nexamine the history and state (see also: git help revisions)\n   bisect    Use binary search to find the commit that introduced a bug\n   diff      Show changes between commits, commit and working tree, etc\n   grep      Print lines matching a pattern\n   log       Show commit logs\n   show      Show various types of objects\n   status    Show the working tree status\n\ngrow, mark and tweak your common history\n   branch    List, create, or delete branches\n   commit    Record changes to the repository\n   merge     Join two or more development histories together\n   rebase    Reapply commits on top of another base tip\n   reset     Reset current HEAD to the specified state\n   switch    Switch branches\n   tag       Create, list, delete or verify a tag object signed with GPG\n\ncollaborate (see also: git help workflows)\n   fetch     Download objects and refs from another repository\n   pull      Fetch from and integrate with another repository or a local branch\n   push      Update remote refs along with associated objects\n\n'git help -a' and 'git help -g' list available subcommands and some\nconcept guides. See 'git help <command>' or 'git help <concept>'\nto read about a specific subcommand or concept.\nSee 'git help git' for an overview of the system.\n""
19:19:33.747837 [debug] [MainThread]: STDERR: "b''"
19:19:33.749949 [debug] [MainThread]: Acquiring new bigquery connection "debug"
19:19:33.750693 [debug] [MainThread]: Opening a new connection, currently in state init
19:19:33.754623 [debug] [MainThread]: On debug: select 1 as id
19:19:34.699357 [debug] [MainThread]: Sending event: {'category': 'dbt', 'action': 'invocation', 'label': 'end', 'context': [<snowplow_tracker.self_describing_json.SelfDescribingJson object at 0x0000017F70E6B190>, <snowplow_tracker.self_describing_json.SelfDescribingJson object at 0x0000017F70E82640>, <snowplow_tracker.self_describing_json.SelfDescribingJson object at 0x0000017F6F27A970>]}
19:19:35.104079 [debug] [MainThread]: Connection 'debug' was properly closed.


============================== 2022-02-27 19:20:59.905991 | c672716a-438f-4df3-8f18-c77f435cd5f6 ==============================
19:20:59.905991 [info ] [MainThread]: Running with dbt=1.0.3
19:20:59.905991 [debug] [MainThread]: running dbt with arguments Namespace(record_timing_info=None, debug=None, log_format=None, write_json=None, use_colors=None, printer_width=None, warn_error=None, version_check=None, partial_parse=None, single_threaded=False, use_experimental_parser=None, static_parser=None, profiles_dir='C:\\Users\\Matthew\\.dbt', send_anonymous_usage_stats=None, fail_fast=None, event_buffer_size=None, project_dir=None, profile=None, target=None, vars='{}', log_cache_events=False, config_dir=False, defer=None, state=None, cls=<class 'dbt.task.debug.DebugTask'>, which='debug', rpc_method=None)
19:20:59.905991 [debug] [MainThread]: Tracking: tracking
19:20:59.917604 [debug] [MainThread]: Sending event: {'category': 'dbt', 'action': 'invocation', 'label': 'start', 'context': [<snowplow_tracker.self_describing_json.SelfDescribingJson object at 0x000001C16B32C880>, <snowplow_tracker.self_describing_json.SelfDescribingJson object at 0x000001C16B32C6D0>, <snowplow_tracker.self_describing_json.SelfDescribingJson object at 0x000001C16B32C550>]}
19:21:00.181037 [debug] [MainThread]: Executing "git --help"
19:21:00.195987 [debug] [MainThread]: STDOUT: "b"usage: git [--version] [--help] [-C <path>] [-c <name>=<value>]\n           [--exec-path[=<path>]] [--html-path] [--man-path] [--info-path]\n           [-p | --paginate | -P | --no-pager] [--no-replace-objects] [--bare]\n           [--git-dir=<path>] [--work-tree=<path>] [--namespace=<name>]\n           [--super-prefix=<path>] [--config-env=<name>=<envvar>]\n           <command> [<args>]\n\nThese are common Git commands used in various situations:\n\nstart a working area (see also: git help tutorial)\n   clone     Clone a repository into a new directory\n   init      Create an empty Git repository or reinitialize an existing one\n\nwork on the current change (see also: git help everyday)\n   add       Add file contents to the index\n   mv        Move or rename a file, a directory, or a symlink\n   restore   Restore working tree files\n   rm        Remove files from the working tree and from the index\n\nexamine the history and state (see also: git help revisions)\n   bisect    Use binary search to find the commit that introduced a bug\n   diff      Show changes between commits, commit and working tree, etc\n   grep      Print lines matching a pattern\n   log       Show commit logs\n   show      Show various types of objects\n   status    Show the working tree status\n\ngrow, mark and tweak your common history\n   branch    List, create, or delete branches\n   commit    Record changes to the repository\n   merge     Join two or more development histories together\n   rebase    Reapply commits on top of another base tip\n   reset     Reset current HEAD to the specified state\n   switch    Switch branches\n   tag       Create, list, delete or verify a tag object signed with GPG\n\ncollaborate (see also: git help workflows)\n   fetch     Download objects and refs from another repository\n   pull      Fetch from and integrate with another repository or a local branch\n   push      Update remote refs along with associated objects\n\n'git help -a' and 'git help -g' list available subcommands and some\nconcept guides. See 'git help <command>' or 'git help <concept>'\nto read about a specific subcommand or concept.\nSee 'git help git' for an overview of the system.\n""
19:21:00.195987 [debug] [MainThread]: STDERR: "b''"
19:21:00.195987 [debug] [MainThread]: Acquiring new bigquery connection "debug"
19:21:00.195987 [debug] [MainThread]: Opening a new connection, currently in state init
19:21:00.209302 [debug] [MainThread]: On debug: select 1 as id
19:21:00.964312 [debug] [MainThread]: Sending event: {'category': 'dbt', 'action': 'invocation', 'label': 'end', 'context': [<snowplow_tracker.self_describing_json.SelfDescribingJson object at 0x000001C16CF1E340>, <snowplow_tracker.self_describing_json.SelfDescribingJson object at 0x000001C16CF33580>, <snowplow_tracker.self_describing_json.SelfDescribingJson object at 0x000001C16B32A970>]}
19:21:01.328813 [debug] [MainThread]: Connection 'debug' was properly closed.


============================== 2022-02-27 19:44:03.745058 | acdbab01-0d81-4ff4-825b-b5253f4d341a ==============================
19:44:03.745058 [info ] [MainThread]: Running with dbt=1.0.3
19:44:03.745058 [debug] [MainThread]: running dbt with arguments Namespace(record_timing_info=None, debug=None, log_format=None, write_json=None, use_colors=None, printer_width=None, warn_error=None, version_check=None, partial_parse=None, single_threaded=False, use_experimental_parser=None, static_parser=None, profiles_dir='C:\\Users\\Matthew\\.dbt', send_anonymous_usage_stats=None, fail_fast=None, event_buffer_size=None, project_dir=None, profile=None, target=None, vars='{}', log_cache_events=False, config_dir=False, defer=None, state=None, cls=<class 'dbt.task.debug.DebugTask'>, which='debug', rpc_method=None)
19:44:03.745058 [debug] [MainThread]: Tracking: tracking
19:44:03.765259 [debug] [MainThread]: Sending event: {'category': 'dbt', 'action': 'invocation', 'label': 'start', 'context': [<snowplow_tracker.self_describing_json.SelfDescribingJson object at 0x000002695DA7C5B0>, <snowplow_tracker.self_describing_json.SelfDescribingJson object at 0x000002695DA7CF70>, <snowplow_tracker.self_describing_json.SelfDescribingJson object at 0x000002695DA7C520>]}
19:44:04.021143 [debug] [MainThread]: Executing "git --help"
19:44:04.042288 [debug] [MainThread]: STDOUT: "b"usage: git [--version] [--help] [-C <path>] [-c <name>=<value>]\n           [--exec-path[=<path>]] [--html-path] [--man-path] [--info-path]\n           [-p | --paginate | -P | --no-pager] [--no-replace-objects] [--bare]\n           [--git-dir=<path>] [--work-tree=<path>] [--namespace=<name>]\n           [--super-prefix=<path>] [--config-env=<name>=<envvar>]\n           <command> [<args>]\n\nThese are common Git commands used in various situations:\n\nstart a working area (see also: git help tutorial)\n   clone     Clone a repository into a new directory\n   init      Create an empty Git repository or reinitialize an existing one\n\nwork on the current change (see also: git help everyday)\n   add       Add file contents to the index\n   mv        Move or rename a file, a directory, or a symlink\n   restore   Restore working tree files\n   rm        Remove files from the working tree and from the index\n\nexamine the history and state (see also: git help revisions)\n   bisect    Use binary search to find the commit that introduced a bug\n   diff      Show changes between commits, commit and working tree, etc\n   grep      Print lines matching a pattern\n   log       Show commit logs\n   show      Show various types of objects\n   status    Show the working tree status\n\ngrow, mark and tweak your common history\n   branch    List, create, or delete branches\n   commit    Record changes to the repository\n   merge     Join two or more development histories together\n   rebase    Reapply commits on top of another base tip\n   reset     Reset current HEAD to the specified state\n   switch    Switch branches\n   tag       Create, list, delete or verify a tag object signed with GPG\n\ncollaborate (see also: git help workflows)\n   fetch     Download objects and refs from another repository\n   pull      Fetch from and integrate with another repository or a local branch\n   push      Update remote refs along with associated objects\n\n'git help -a' and 'git help -g' list available subcommands and some\nconcept guides. See 'git help <command>' or 'git help <concept>'\nto read about a specific subcommand or concept.\nSee 'git help git' for an overview of the system.\n""
19:44:04.042288 [debug] [MainThread]: STDERR: "b''"
19:44:04.044282 [debug] [MainThread]: Acquiring new bigquery connection "debug"
19:44:04.044282 [debug] [MainThread]: Opening a new connection, currently in state init
19:44:04.047272 [debug] [MainThread]: On debug: select 1 as id
19:44:04.913632 [debug] [MainThread]: Sending event: {'category': 'dbt', 'action': 'invocation', 'label': 'end', 'context': [<snowplow_tracker.self_describing_json.SelfDescribingJson object at 0x000002695F673C70>, <snowplow_tracker.self_describing_json.SelfDescribingJson object at 0x000002695DA7C040>, <snowplow_tracker.self_describing_json.SelfDescribingJson object at 0x000002695F681640>]}
19:44:05.286698 [debug] [MainThread]: Connection 'debug' was properly closed.


============================== 2022-02-27 19:49:55.272954 | 3d6ff6dc-e7e3-45d8-a2e5-26d20969fdb7 ==============================
19:49:55.272954 [info ] [MainThread]: Running with dbt=1.0.3
19:49:55.272954 [debug] [MainThread]: running dbt with arguments Namespace(record_timing_info=None, debug=None, log_format=None, write_json=None, use_colors=None, printer_width=None, warn_error=None, version_check=None, partial_parse=None, single_threaded=False, use_experimental_parser=None, static_parser=None, profiles_dir='C:\\Users\\Matthew\\.dbt', send_anonymous_usage_stats=None, fail_fast=None, event_buffer_size=None, project_dir=None, profile=None, target=None, vars='{}', log_cache_events=False, config_dir=False, defer=None, state=None, cls=<class 'dbt.task.debug.DebugTask'>, which='debug', rpc_method=None)
19:49:55.272954 [debug] [MainThread]: Tracking: tracking
19:49:55.293387 [debug] [MainThread]: Sending event: {'category': 'dbt', 'action': 'invocation', 'label': 'start', 'context': [<snowplow_tracker.self_describing_json.SelfDescribingJson object at 0x0000015C030DC5B0>, <snowplow_tracker.self_describing_json.SelfDescribingJson object at 0x0000015C030DCF70>, <snowplow_tracker.self_describing_json.SelfDescribingJson object at 0x0000015C030DC520>]}
19:49:55.543149 [debug] [MainThread]: Executing "git --help"
19:49:55.557267 [debug] [MainThread]: STDOUT: "b"usage: git [--version] [--help] [-C <path>] [-c <name>=<value>]\n           [--exec-path[=<path>]] [--html-path] [--man-path] [--info-path]\n           [-p | --paginate | -P | --no-pager] [--no-replace-objects] [--bare]\n           [--git-dir=<path>] [--work-tree=<path>] [--namespace=<name>]\n           [--super-prefix=<path>] [--config-env=<name>=<envvar>]\n           <command> [<args>]\n\nThese are common Git commands used in various situations:\n\nstart a working area (see also: git help tutorial)\n   clone     Clone a repository into a new directory\n   init      Create an empty Git repository or reinitialize an existing one\n\nwork on the current change (see also: git help everyday)\n   add       Add file contents to the index\n   mv        Move or rename a file, a directory, or a symlink\n   restore   Restore working tree files\n   rm        Remove files from the working tree and from the index\n\nexamine the history and state (see also: git help revisions)\n   bisect    Use binary search to find the commit that introduced a bug\n   diff      Show changes between commits, commit and working tree, etc\n   grep      Print lines matching a pattern\n   log       Show commit logs\n   show      Show various types of objects\n   status    Show the working tree status\n\ngrow, mark and tweak your common history\n   branch    List, create, or delete branches\n   commit    Record changes to the repository\n   merge     Join two or more development histories together\n   rebase    Reapply commits on top of another base tip\n   reset     Reset current HEAD to the specified state\n   switch    Switch branches\n   tag       Create, list, delete or verify a tag object signed with GPG\n\ncollaborate (see also: git help workflows)\n   fetch     Download objects and refs from another repository\n   pull      Fetch from and integrate with another repository or a local branch\n   push      Update remote refs along with associated objects\n\n'git help -a' and 'git help -g' list available subcommands and some\nconcept guides. See 'git help <command>' or 'git help <concept>'\nto read about a specific subcommand or concept.\nSee 'git help git' for an overview of the system.\n""
19:49:55.557267 [debug] [MainThread]: STDERR: "b''"
19:49:55.565462 [debug] [MainThread]: Acquiring new bigquery connection "debug"
19:49:55.565462 [debug] [MainThread]: Opening a new connection, currently in state init
19:49:55.568757 [debug] [MainThread]: On debug: select 1 as id
19:49:56.622157 [debug] [MainThread]: Sending event: {'category': 'dbt', 'action': 'invocation', 'label': 'end', 'context': [<snowplow_tracker.self_describing_json.SelfDescribingJson object at 0x0000015C04CD3C70>, <snowplow_tracker.self_describing_json.SelfDescribingJson object at 0x0000015C030DC040>, <snowplow_tracker.self_describing_json.SelfDescribingJson object at 0x0000015C04CE3640>]}
19:49:57.001040 [debug] [MainThread]: Connection 'debug' was properly closed.


============================== 2022-02-27 20:08:35.892524 | 41cf33fd-0989-4b26-88b2-ba49d86c2a74 ==============================
20:08:35.892524 [info ] [MainThread]: Running with dbt=1.0.3
20:08:35.908089 [debug] [MainThread]: running dbt with arguments Namespace(record_timing_info=None, debug=None, log_format=None, write_json=None, use_colors=None, printer_width=None, warn_error=None, version_check=None, partial_parse=None, single_threaded=False, use_experimental_parser=None, static_parser=None, profiles_dir='C:\\Users\\Matthew\\.dbt', send_anonymous_usage_stats=None, fail_fast=None, event_buffer_size=None, project_dir=None, profile=None, target=None, vars='{}', log_cache_events=False, config_dir=False, defer=None, state=None, cls=<class 'dbt.task.debug.DebugTask'>, which='debug', rpc_method=None)
20:08:35.908089 [debug] [MainThread]: Tracking: tracking
20:08:35.922138 [debug] [MainThread]: Sending event: {'category': 'dbt', 'action': 'invocation', 'label': 'start', 'context': [<snowplow_tracker.self_describing_json.SelfDescribingJson object at 0x0000025BAC20C5B0>, <snowplow_tracker.self_describing_json.SelfDescribingJson object at 0x0000025BAC20CF70>, <snowplow_tracker.self_describing_json.SelfDescribingJson object at 0x0000025BAC20C520>]}
20:08:36.173550 [debug] [MainThread]: Executing "git --help"
20:08:36.195717 [debug] [MainThread]: STDOUT: "b"usage: git [--version] [--help] [-C <path>] [-c <name>=<value>]\n           [--exec-path[=<path>]] [--html-path] [--man-path] [--info-path]\n           [-p | --paginate | -P | --no-pager] [--no-replace-objects] [--bare]\n           [--git-dir=<path>] [--work-tree=<path>] [--namespace=<name>]\n           [--super-prefix=<path>] [--config-env=<name>=<envvar>]\n           <command> [<args>]\n\nThese are common Git commands used in various situations:\n\nstart a working area (see also: git help tutorial)\n   clone     Clone a repository into a new directory\n   init      Create an empty Git repository or reinitialize an existing one\n\nwork on the current change (see also: git help everyday)\n   add       Add file contents to the index\n   mv        Move or rename a file, a directory, or a symlink\n   restore   Restore working tree files\n   rm        Remove files from the working tree and from the index\n\nexamine the history and state (see also: git help revisions)\n   bisect    Use binary search to find the commit that introduced a bug\n   diff      Show changes between commits, commit and working tree, etc\n   grep      Print lines matching a pattern\n   log       Show commit logs\n   show      Show various types of objects\n   status    Show the working tree status\n\ngrow, mark and tweak your common history\n   branch    List, create, or delete branches\n   commit    Record changes to the repository\n   merge     Join two or more development histories together\n   rebase    Reapply commits on top of another base tip\n   reset     Reset current HEAD to the specified state\n   switch    Switch branches\n   tag       Create, list, delete or verify a tag object signed with GPG\n\ncollaborate (see also: git help workflows)\n   fetch     Download objects and refs from another repository\n   pull      Fetch from and integrate with another repository or a local branch\n   push      Update remote refs along with associated objects\n\n'git help -a' and 'git help -g' list available subcommands and some\nconcept guides. See 'git help <command>' or 'git help <concept>'\nto read about a specific subcommand or concept.\nSee 'git help git' for an overview of the system.\n""
20:08:36.195717 [debug] [MainThread]: STDERR: "b''"
20:08:36.197722 [debug] [MainThread]: Acquiring new bigquery connection "debug"
20:08:36.198718 [debug] [MainThread]: Opening a new connection, currently in state init
20:08:36.201707 [debug] [MainThread]: On debug: select 1 as id
20:08:37.262764 [debug] [MainThread]: Sending event: {'category': 'dbt', 'action': 'invocation', 'label': 'end', 'context': [<snowplow_tracker.self_describing_json.SelfDescribingJson object at 0x0000025BADE03C70>, <snowplow_tracker.self_describing_json.SelfDescribingJson object at 0x0000025BAC20C040>, <snowplow_tracker.self_describing_json.SelfDescribingJson object at 0x0000025BADE11640>]}
20:08:37.646536 [debug] [MainThread]: Connection 'debug' was properly closed.
